<?xml version="1.0" encoding="UTF-8"?>
<!-- Generated by org.testng.reporters.JUnitReportReporter -->
<testsuite skipped="0" hostname="DESKTOP-SLCEEL0" name="com.adactin.TC01_CreateAccount" tests="1" failures="0" timestamp="2021-11-01T21:32:05 IST" time="38.192" errors="0">
  <testcase name="signUp" time="38.192" classname="com.adactin.TC01_CreateAccount"/>
  <system-out/>
</testsuite> <!-- com.adactin.TC01_CreateAccount -->
