<?xml version="1.0" encoding="UTF-8"?>
<!-- Generated by org.testng.reporters.JUnitReportReporter -->
<testsuite skipped="0" hostname="DESKTOP-SLCEEL0" name="com.adactin.TC02_LoginPage" tests="1" failures="0" timestamp="2021-11-01T12:43:24 IST" time="25.240" errors="0">
  <testcase name="signIn" time="25.240" classname="com.adactin.TC02_LoginPage"/>
  <system-out/>
</testsuite> <!-- com.adactin.TC02_LoginPage -->
