<?xml version="1.0" encoding="UTF-8"?>
<!-- Generated by org.testng.reporters.JUnitReportReporter -->
<testsuite skipped="3" hostname="DESKTOP-SLCEEL0" name="com.testng.TestNGFramework.Task" tests="4" failures="0" timestamp="2021-11-01T22:47:21 IST" time="0.030" errors="0">
  <testcase name="repeatedProgram" time="0.030" classname="com.testng.TestNGFramework.Task"/>
  <system-out/>
  <testcase name="armstrongNumber" classname="com.testng.TestNGFramework.Task">
    <skipped/>
  </testcase> <!-- armstrongNumber -->
  <system-out/>
  <testcase name="fibannociSeries" classname="com.testng.TestNGFramework.Task">
    <skipped/>
  </testcase> <!-- fibannociSeries -->
  <system-out/>
  <testcase name="factorialNumber" classname="com.testng.TestNGFramework.Task">
    <skipped/>
  </testcase> <!-- factorialNumber -->
  <system-out/>
</testsuite> <!-- com.testng.TestNGFramework.Task -->
